
> smart-design-vault@0.1.0 build
> NODE_ENV=production next build

   ▲ Next.js 15.5.9
   - Environments: .env.local

   Creating an optimized production build ...
 ✓ Compiled successfully in 5.3s
   Linting and checking validity of types ...
 ⨯ ESLint: Converting circular structure to JSON     --> starting at object with constructor 'Object'     |     property 'configs' -> object with constructor 'Object'     |     property 'flat' -> object with constructor 'Object'     |     ...     |     property 'plugins' -> object with constructor 'Object'     --- property 'react' closes the circle Referenced from: /home/austin/Downloads/smart-design-vault/.eslintrc.json
Failed to compile.

./src/hooks/useForm.ts:148:7
Type error: Type 'string' is not assignable to type 'T[keyof T]'.
  'string' is assignable to the constraint of type 'T[keyof T]', but 'T[keyof T]' could be instantiated with a different subtype of constraint 'any'.

[0m [90m 146 |[39m     [90m// Extract values from form state[39m
 [90m 147 |[39m     [36mconst[39m values [33m=[39m [33mObject[39m[33m.[39mkeys(formState[33m.[39mfields)[33m.[39mreduce((acc[33m,[39m key) [33m=>[39m {
[31m[1m>[22m[39m[90m 148 |[39m       acc[key [36mas[39m keyof [33mT[39m] [33m=[39m formState[33m.[39mfields[key [36mas[39m keyof [33mT[39m][33m.[39mvalue[33m;[39m
 [90m     |[39m       [31m[1m^[22m[39m
 [90m 149 |[39m       [36mreturn[39m acc[33m;[39m
 [90m 150 |[39m     }[33m,[39m {} [36mas[39m [33mT[39m)[33m;[39m
 [90m 151 |[39m[0m
Next.js build worker exited with code: 1 and signal: null
